<?xml version="1.0" encoding="UTF-8"?>
<!-- Generated by org.testng.reporters.JUnitReportReporter -->
<testsuite skipped="0" hostname="DESKTOP-KFC89GU" name="Social.CosialMedia.TwitterTest$Twitterlogin" tests="1" failures="0" timestamp="2021-04-24T15:24:10 EDT" time="5.770" errors="0">
  <testcase name="FacebookLogin" time="5.770" classname="Social.CosialMedia.TwitterTest$Twitterlogin"/>
  <system-out/>
</testsuite> <!-- Social.CosialMedia.TwitterTest$Twitterlogin -->
