<?xml version="1.0" encoding="UTF-8"?>
<!-- Generated by org.testng.reporters.JUnitReportReporter -->
<testsuite skipped="0" hostname="DESKTOP-KFC89GU" name="Social.CosialMedia.TwitterTest" tests="1" failures="0" timestamp="2021-04-24T15:36:27 EDT" time="8.003" errors="0">
  <testcase name="TwitterLogin" time="8.003" classname="Social.CosialMedia.TwitterTest"/>
  <system-out/>
</testsuite> <!-- Social.CosialMedia.TwitterTest -->
