<?xml version="1.0" encoding="UTF-8"?>
<!-- Generated by org.testng.reporters.JUnitReportReporter -->
<testsuite skipped="0" hostname="DESKTOP-KFC89GU" name="Social.CosialMedia.FacebookTest" tests="1" failures="0" timestamp="2021-04-24T16:33:25 EDT" time="7.008" errors="0">
  <testcase name="FacebookLogin" time="7.008" classname="Social.CosialMedia.FacebookTest"/>
  <system-out/>
</testsuite> <!-- Social.CosialMedia.FacebookTest -->
