<?xml version="1.0" encoding="UTF-8"?>
<!-- Generated by org.testng.reporters.JUnitReportReporter -->
<testsuite skipped="0" hostname="DESKTOP-KFC89GU" name="Social.CosialMedia.TwitterTest" tests="2" failures="0" timestamp="2021-04-24T16:33:25 EDT" time="13.709" errors="0">
  <testcase name="mayspaeLogin" time="7.031" classname="Social.CosialMedia.TwitterTest"/>
  <system-out/>
  <testcase name="TwitterLogin" time="6.678" classname="Social.CosialMedia.TwitterTest"/>
  <system-out/>
</testsuite> <!-- Social.CosialMedia.TwitterTest -->
